# JRE version: OpenJDK Runtime Environment (8.0_242-b01) (build 1.8.0_242-release-1644-b01)
# Java VM: OpenJDK 64-Bit Server VM (25.242-b01 mixed mode windows-amd64 compressed oops)
Heap:
 PSYoungGen      total 513024K, used 338062K [0x00000000d5580000, 0x00000000ffb80000, 0x0000000100000000)
  eden space 458752K, 62% used [0x00000000d5580000,0x00000000e6d98c70,0x00000000f1580000)
  from space 54272K, 94% used [0x00000000f1580000,0x00000000f478af30,0x00000000f4a80000)
  to   space 83968K, 0% used [0x00000000fa980000,0x00000000fa980000,0x00000000ffb80000)
 ParOldGen       total 339456K, used 129040K [0x0000000080000000, 0x0000000094b80000, 0x00000000d5580000)
  object space 339456K, 38% used [0x0000000080000000,0x0000000087e043c0,0x0000000094b80000)
 Metaspace       used 120518K, capacity 129246K, committed 129304K, reserved 1161216K
  class space    used 15492K, capacity 17142K, committed 17176K, reserved 1048576K
GC Heap History (10 events):
Event: 1623.565 GC heap before
{Heap before GC invocations=21 (full 4):
 PSYoungGen      total 431104K, used 431076K [0x00000000d5580000, 0x00000000f5880000, 0x0000000100000000)
  eden space 393216K, 100% used [0x00000000d5580000,0x00000000ed580000,0x00000000ed580000)
  from space 37888K, 99% used [0x00000000f0400000,0x00000000f28f92e0,0x00000000f2900000)
  to   space 47616K, 0% used [0x00000000ed580000,0x00000000ed580000,0x00000000f0400000)
 ParOldGen       total 339456K, used 75566K [0x0000000080000000, 0x0000000094b80000, 0x00000000d5580000)
  object space 339456K, 22% used [0x0000000080000000,0x00000000849cba18,0x0000000094b80000)
 Metaspace       used 114101K, capacity 121164K, committed 121368K, reserved 1155072K
  class space    used 14712K, capacity 16064K, committed 16152K, reserved 1048576K
Event: 1623.614 GC heap after
Heap after GC invocations=21 (full 4):
 PSYoungGen      total 440832K, used 38287K [0x00000000d5580000, 0x00000000f7c80000, 0x0000000100000000)
  eden space 393216K, 0% used [0x00000000d5580000,0x00000000d5580000,0x00000000ed580000)
  from space 47616K, 80% used [0x00000000ed580000,0x00000000efae3fb0,0x00000000f0400000)
  to   space 51200K, 0% used [0x00000000f4a80000,0x00000000f4a80000,0x00000000f7c80000)
 ParOldGen       total 339456K, used 75574K [0x0000000080000000, 0x0000000094b80000, 0x00000000d5580000)
  object space 339456K, 22% used [0x0000000080000000,0x00000000849cda18,0x0000000094b80000)
 Metaspace       used 114101K, capacity 121164K, committed 121368K, reserved 1155072K
  class space    used 14712K, capacity 16064K, committed 16152K, reserved 1048576K
}
Event: 1624.898 GC heap before
{Heap before GC invocations=22 (full 4):
 PSYoungGen      total 440832K, used 431503K [0x00000000d5580000, 0x00000000f7c80000, 0x0000000100000000)
  eden space 393216K, 100% used [0x00000000d5580000,0x00000000ed580000,0x00000000ed580000)
  from space 47616K, 80% used [0x00000000ed580000,0x00000000efae3fb0,0x00000000f0400000)
  to   space 51200K, 0% used [0x00000000f4a80000,0x00000000f4a80000,0x00000000f7c80000)
 ParOldGen       total 339456K, used 75574K [0x0000000080000000, 0x0000000094b80000, 0x00000000d5580000)
  object space 339456K, 22% used [0x0000000080000000,0x00000000849cda18,0x0000000094b80000)
 Metaspace       used 114318K, capacity 121464K, committed 121624K, reserved 1155072K
  class space    used 14716K, capacity 16068K, committed 16152K, reserved 1048576K
Event: 1624.938 GC heap after
Heap after GC invocations=22 (full 4):
 PSYoungGen      total 509952K, used 39743K [0x00000000d5580000, 0x00000000f8a80000, 0x0000000100000000)
  eden space 458752K, 0% used [0x00000000d5580000,0x00000000d5580000,0x00000000f1580000)
  from space 51200K, 77% used [0x00000000f4a80000,0x00000000f714fde0,0x00000000f7c80000)
  to   space 54272K, 0% used [0x00000000f1580000,0x00000000f1580000,0x00000000f4a80000)
 ParOldGen       total 339456K, used 75582K [0x0000000080000000, 0x0000000094b80000, 0x00000000d5580000)
  object space 339456K, 22% used [0x0000000080000000,0x00000000849cfa18,0x0000000094b80000)
 Metaspace       used 114318K, capacity 121464K, committed 121624K, reserved 1155072K
  class space    used 14716K, capacity 16068K, committed 16152K, reserved 1048576K
}
Event: 1627.773 GC heap before
{Heap before GC invocations=23 (full 4):
 PSYoungGen      total 509952K, used 498495K [0x00000000d5580000, 0x00000000f8a80000, 0x0000000100000000)
  eden space 458752K, 100% used [0x00000000d5580000,0x00000000f1580000,0x00000000f1580000)
  from space 51200K, 77% used [0x00000000f4a80000,0x00000000f714fde0,0x00000000f7c80000)
  to   space 54272K, 0% used [0x00000000f1580000,0x00000000f1580000,0x00000000f4a80000)
 ParOldGen       total 339456K, used 75582K [0x0000000080000000, 0x0000000094b80000, 0x00000000d5580000)
  object space 339456K, 22% used [0x0000000080000000,0x00000000849cfa18,0x0000000094b80000)
 Metaspace       used 115175K, capacity 122298K, committed 122392K, reserved 1155072K
  class space    used 14790K, capacity 16147K, committed 16152K, reserved 1048576K
Event: 1627.843 GC heap after
Heap after GC invocations=23 (full 4):
 PSYoungGen      total 513024K, used 54265K [0x00000000d5580000, 0x00000000f8a80000, 0x0000000100000000)
  eden space 458752K, 0% used [0x00000000d5580000,0x00000000d5580000,0x00000000f1580000)
  from space 54272K, 99% used [0x00000000f1580000,0x00000000f4a7e510,0x00000000f4a80000)
  to   space 51200K, 0% used [0x00000000f4a80000,0x00000000f4a80000,0x00000000f7c80000)
 ParOldGen       total 339456K, used 97082K [0x0000000080000000, 0x0000000094b80000, 0x00000000d5580000)
  object space 339456K, 28% used [0x0000000080000000,0x0000000085eceb30,0x0000000094b80000)
 Metaspace       used 115175K, capacity 122298K, committed 122392K, reserved 1155072K
  class space    used 14790K, capacity 16147K, committed 16152K, reserved 1048576K
}
Event: 2077.361 GC heap before
{Heap before GC invocations=24 (full 4):
 PSYoungGen      total 513024K, used 513017K [0x00000000d5580000, 0x00000000f8a80000, 0x0000000100000000)
  eden space 458752K, 100% used [0x00000000d5580000,0x00000000f1580000,0x00000000f1580000)
  from space 54272K, 99% used [0x00000000f1580000,0x00000000f4a7e510,0x00000000f4a80000)
  to   space 51200K, 0% used [0x00000000f4a80000,0x00000000f4a80000,0x00000000f7c80000)
 ParOldGen       total 339456K, used 97088K [0x0000000080000000, 0x0000000094b80000, 0x00000000d5580000)
  object space 339456K, 28% used [0x0000000080000000,0x0000000085ed00a0,0x0000000094b80000)
 Metaspace       used 119982K, capacity 128534K, committed 128792K, reserved 1161216K
  class space    used 15457K, capacity 17076K, committed 17176K, reserved 1048576K
Event: 2077.428 GC heap after
Heap after GC invocations=24 (full 4):
 PSYoungGen      total 509952K, used 51196K [0x00000000d5580000, 0x00000000f8a80000, 0x0000000100000000)
  eden space 458752K, 0% used [0x00000000d5580000,0x00000000d5580000,0x00000000f1580000)
  from space 51200K, 99% used [0x00000000f4a80000,0x00000000f7c7f2c0,0x00000000f7c80000)
  to   space 54272K, 0% used [0x00000000f1580000,0x00000000f1580000,0x00000000f4a80000)
 ParOldGen       total 339456K, used 121635K [0x0000000080000000, 0x0000000094b80000, 0x00000000d5580000)
  object space 339456K, 35% used [0x0000000080000000,0x00000000876c8de0,0x0000000094b80000)
 Metaspace       used 119982K, capacity 128534K, committed 128792K, reserved 1161216K
  class space    used 15457K, capacity 17076K, committed 17176K, reserved 1048576K
}
Event: 2104.350 GC heap before
{Heap before GC invocations=25 (full 4):
 PSYoungGen      total 509952K, used 509948K [0x00000000d5580000, 0x00000000f8a80000, 0x0000000100000000)
  eden space 458752K, 100% used [0x00000000d5580000,0x00000000f1580000,0x00000000f1580000)
  from space 51200K, 99% used [0x00000000f4a80000,0x00000000f7c7f2c0,0x00000000f7c80000)
  to   space 54272K, 0% used [0x00000000f1580000,0x00000000f1580000,0x00000000f4a80000)
 ParOldGen       total 339456K, used 121637K [0x0000000080000000, 0x0000000094b80000, 0x00000000d5580000)
  object space 339456K, 35% used [0x0000000080000000,0x00000000876c9698,0x0000000094b80000)
 Metaspace       used 120422K, capacity 129004K, committed 129048K, reserved 1161216K
  class space    used 15488K, capacity 17135K, committed 17176K, reserved 1048576K
Event: 2104.394 GC heap after
Heap after GC invocations=25 (full 4):
 PSYoungGen      total 513024K, used 51243K [0x00000000d5580000, 0x00000000ffb80000, 0x0000000100000000)
  eden space 458752K, 0% used [0x00000000d5580000,0x00000000d5580000,0x00000000f1580000)
  from space 54272K, 94% used [0x00000000f1580000,0x00000000f478af30,0x00000000f4a80000)
  to   space 83968K, 0% used [0x00000000fa980000,0x00000000fa980000,0x00000000ffb80000)
 ParOldGen       total 339456K, used 129040K [0x0000000080000000, 0x0000000094b80000, 0x00000000d5580000)
  object space 339456K, 38% used [0x0000000080000000,0x0000000087e043c0,0x0000000094b80000)
 Metaspace       used 120422K, capacity 129004K, committed 129048K, reserved 1161216K
  class space    used 15488K, capacity 17135K, committed 17176K, reserved 1048576K
}

